  entry.cpp
C:\Users\azuog\Documents\EUL\5th semester\COMP337 DATABASE MANAGEMENT SYSTEMS\Project\iTime.h(54,7): warning C4996: 'strcat': This function or variable may be unsafe. Consider using strcat_s instead. To disable deprecation, use _CRT_SECURE_NO_WARNINGS. See online help for details.
C:\Users\azuog\Documents\EUL\5th semester\COMP337 DATABASE MANAGEMENT SYSTEMS\Project\iTime.h(55,7): warning C4996: 'strcat': This function or variable may be unsafe. Consider using strcat_s instead. To disable deprecation, use _CRT_SECURE_NO_WARNINGS. See online help for details.
C:\Users\azuog\Documents\EUL\5th semester\COMP337 DATABASE MANAGEMENT SYSTEMS\Project\iTime.h(56,7): warning C4996: 'strcat': This function or variable may be unsafe. Consider using strcat_s instead. To disable deprecation, use _CRT_SECURE_NO_WARNINGS. See online help for details.
C:\Users\azuog\Documents\EUL\5th semester\COMP337 DATABASE MANAGEMENT SYSTEMS\Project\iTime.h(57,7): warning C4996: 'strcat': This function or variable may be unsafe. Consider using strcat_s instead. To disable deprecation, use _CRT_SECURE_NO_WARNINGS. See online help for details.
C:\Users\azuog\Documents\EUL\5th semester\COMP337 DATABASE MANAGEMENT SYSTEMS\Project\iTime.h(58,7): warning C4996: 'strcat': This function or variable may be unsafe. Consider using strcat_s instead. To disable deprecation, use _CRT_SECURE_NO_WARNINGS. See online help for details.
C:\Users\azuog\Documents\EUL\5th semester\COMP337 DATABASE MANAGEMENT SYSTEMS\Project\iTime.h(59,7): warning C4996: 'strcat': This function or variable may be unsafe. Consider using strcat_s instead. To disable deprecation, use _CRT_SECURE_NO_WARNINGS. See online help for details.
C:\Users\azuog\Documents\EUL\5th semester\COMP337 DATABASE MANAGEMENT SYSTEMS\Project\iTime.h(60,7): warning C4996: 'strcat': This function or variable may be unsafe. Consider using strcat_s instead. To disable deprecation, use _CRT_SECURE_NO_WARNINGS. See online help for details.
C:\Users\azuog\Documents\EUL\5th semester\COMP337 DATABASE MANAGEMENT SYSTEMS\Project\iTime.h(61,7): warning C4996: 'strcat': This function or variable may be unsafe. Consider using strcat_s instead. To disable deprecation, use _CRT_SECURE_NO_WARNINGS. See online help for details.
C:\Users\azuog\Documents\EUL\5th semester\COMP337 DATABASE MANAGEMENT SYSTEMS\Project\iTime.h(62,7): warning C4996: 'strcat': This function or variable may be unsafe. Consider using strcat_s instead. To disable deprecation, use _CRT_SECURE_NO_WARNINGS. See online help for details.
C:\Users\azuog\Documents\EUL\5th semester\COMP337 DATABASE MANAGEMENT SYSTEMS\Project\iTime.h(63,7): warning C4996: 'strcat': This function or variable may be unsafe. Consider using strcat_s instead. To disable deprecation, use _CRT_SECURE_NO_WARNINGS. See online help for details.
C:\Users\azuog\Documents\EUL\5th semester\COMP337 DATABASE MANAGEMENT SYSTEMS\Project\iCourse.h(491,15): warning C4244: 'initializing': conversion from 'uint64_t' to 'int', possible loss of data
C:\Users\azuog\Documents\EUL\5th semester\COMP337 DATABASE MANAGEMENT SYSTEMS\Project\iCourse.h(497,29): warning C4244: '=': conversion from 'uint64_t' to 'int', possible loss of data
C:\Users\azuog\Documents\EUL\5th semester\COMP337 DATABASE MANAGEMENT SYSTEMS\Project\iCourse.h(538,21): warning C4244: 'initializing': conversion from 'uint64_t' to 'int', possible loss of data
C:\Users\azuog\Documents\EUL\5th semester\COMP337 DATABASE MANAGEMENT SYSTEMS\Project\iCourse.h(552,31): warning C4244: 'initializing': conversion from 'uint64_t' to 'int', possible loss of data
C:\Users\azuog\Documents\EUL\5th semester\COMP337 DATABASE MANAGEMENT SYSTEMS\Project\instructor.h(64,28): warning C4244: '=': conversion from 'uint64_t' to 'int', possible loss of data
C:\Users\azuog\Documents\EUL\5th semester\COMP337 DATABASE MANAGEMENT SYSTEMS\Project\instructor.h(128,7): warning C4996: 'strcat': This function or variable may be unsafe. Consider using strcat_s instead. To disable deprecation, use _CRT_SECURE_NO_WARNINGS. See online help for details.
C:\Users\azuog\Documents\EUL\5th semester\COMP337 DATABASE MANAGEMENT SYSTEMS\Project\instructor.h(129,7): warning C4996: 'strcat': This function or variable may be unsafe. Consider using strcat_s instead. To disable deprecation, use _CRT_SECURE_NO_WARNINGS. See online help for details.
C:\Users\azuog\Documents\EUL\5th semester\COMP337 DATABASE MANAGEMENT SYSTEMS\Project\instructor.h(130,7): warning C4996: 'strcat': This function or variable may be unsafe. Consider using strcat_s instead. To disable deprecation, use _CRT_SECURE_NO_WARNINGS. See online help for details.
C:\Users\azuog\Documents\EUL\5th semester\COMP337 DATABASE MANAGEMENT SYSTEMS\Project\coordAddStudent.h(50,15): warning C4244: 'initializing': conversion from 'uint64_t' to 'int', possible loss of data
C:\Users\azuog\Documents\EUL\5th semester\COMP337 DATABASE MANAGEMENT SYSTEMS\Project\cordStudent.h(300,15): warning C4244: 'initializing': conversion from 'uint64_t' to 'int', possible loss of data
C:\Users\azuog\Documents\EUL\5th semester\COMP337 DATABASE MANAGEMENT SYSTEMS\Project\cordStudent.h(310,30): warning C4244: '=': conversion from 'uint64_t' to 'int', possible loss of data
C:\Users\azuog\Documents\EUL\5th semester\COMP337 DATABASE MANAGEMENT SYSTEMS\Project\cordStudent.h(316,32): warning C4244: '=': conversion from 'uint64_t' to 'int', possible loss of data
C:\Users\azuog\Documents\EUL\5th semester\COMP337 DATABASE MANAGEMENT SYSTEMS\Project\cordStudent.h(345,30): warning C4244: '=': conversion from 'uint64_t' to 'int', possible loss of data
C:\Users\azuog\Documents\EUL\5th semester\COMP337 DATABASE MANAGEMENT SYSTEMS\Project\cordStudent.h(351,32): warning C4244: '=': conversion from 'uint64_t' to 'int', possible loss of data
C:\Users\azuog\Documents\EUL\5th semester\COMP337 DATABASE MANAGEMENT SYSTEMS\Project\cordStudent.h(381,30): warning C4244: '=': conversion from 'uint64_t' to 'int', possible loss of data
C:\Users\azuog\Documents\EUL\5th semester\COMP337 DATABASE MANAGEMENT SYSTEMS\Project\cordStudent.h(401,30): warning C4244: '=': conversion from 'uint64_t' to 'int', possible loss of data
C:\Users\azuog\Documents\EUL\5th semester\COMP337 DATABASE MANAGEMENT SYSTEMS\Project\cordStudent.h(407,32): warning C4244: '=': conversion from 'uint64_t' to 'int', possible loss of data
C:\Users\azuog\Documents\EUL\5th semester\COMP337 DATABASE MANAGEMENT SYSTEMS\Project\cordStudent.h(437,30): warning C4244: '=': conversion from 'uint64_t' to 'int', possible loss of data
C:\Users\azuog\Documents\EUL\5th semester\COMP337 DATABASE MANAGEMENT SYSTEMS\Project\cordCourse.h(315,14): warning C4244: 'initializing': conversion from 'uint64_t' to 'int', possible loss of data
C:\Users\azuog\Documents\EUL\5th semester\COMP337 DATABASE MANAGEMENT SYSTEMS\Project\cordCourse.h(334,14): warning C4244: 'initializing': conversion from 'uint64_t' to 'int', possible loss of data
C:\Users\azuog\Documents\EUL\5th semester\COMP337 DATABASE MANAGEMENT SYSTEMS\Project\cordCourse.h(344,14): warning C4244: 'initializing': conversion from 'uint64_t' to 'int', possible loss of data
C:\Users\azuog\Documents\EUL\5th semester\COMP337 DATABASE MANAGEMENT SYSTEMS\Project\cordCourse.h(370,14): warning C4244: 'initializing': conversion from 'uint64_t' to 'int', possible loss of data
C:\Users\azuog\Documents\EUL\5th semester\COMP337 DATABASE MANAGEMENT SYSTEMS\Project\cordCourse.h(380,14): warning C4244: 'initializing': conversion from 'uint64_t' to 'int', possible loss of data
C:\Users\azuog\Documents\EUL\5th semester\COMP337 DATABASE MANAGEMENT SYSTEMS\Project\cordCourse.h(407,14): warning C4244: 'initializing': conversion from 'uint64_t' to 'int', possible loss of data
C:\Users\azuog\Documents\EUL\5th semester\COMP337 DATABASE MANAGEMENT SYSTEMS\Project\cordCourse.h(438,14): warning C4244: 'initializing': conversion from 'uint64_t' to 'int', possible loss of data
C:\Users\azuog\Documents\EUL\5th semester\COMP337 DATABASE MANAGEMENT SYSTEMS\Project\CordAddInstructor.h(42,15): warning C4244: 'initializing': conversion from 'uint64_t' to 'int', possible loss of data
C:\Users\azuog\Documents\EUL\5th semester\COMP337 DATABASE MANAGEMENT SYSTEMS\Project\cordInstructor.h(638,15): warning C4244: 'initializing': conversion from 'uint64_t' to 'int', possible loss of data
C:\Users\azuog\Documents\EUL\5th semester\COMP337 DATABASE MANAGEMENT SYSTEMS\Project\cordInstructor.h(696,15): warning C4244: 'initializing': conversion from 'uint64_t' to 'int', possible loss of data
C:\Users\azuog\Documents\EUL\5th semester\COMP337 DATABASE MANAGEMENT SYSTEMS\Project\cordInstructor.h(703,29): warning C4244: '=': conversion from 'uint64_t' to 'int', possible loss of data
C:\Users\azuog\Documents\EUL\5th semester\COMP337 DATABASE MANAGEMENT SYSTEMS\Project\coordinator.h(403,16): warning C4244: 'initializing': conversion from 'uint64_t' to 'int', possible loss of data
C:\Users\azuog\Documents\EUL\5th semester\COMP337 DATABASE MANAGEMENT SYSTEMS\Project\coordinator.h(419,1): warning C4244: '+=': conversion from 'double' to 'float', possible loss of data
C:\Users\azuog\Documents\EUL\5th semester\COMP337 DATABASE MANAGEMENT SYSTEMS\Project\coordinator.h(422,1): warning C4244: '+=': conversion from 'double' to 'float', possible loss of data
C:\Users\azuog\Documents\EUL\5th semester\COMP337 DATABASE MANAGEMENT SYSTEMS\Project\coordinator.h(425,1): warning C4244: '+=': conversion from 'double' to 'float', possible loss of data
C:\Users\azuog\Documents\EUL\5th semester\COMP337 DATABASE MANAGEMENT SYSTEMS\Project\coordinator.h(428,1): warning C4244: '+=': conversion from 'double' to 'float', possible loss of data
C:\Users\azuog\Documents\EUL\5th semester\COMP337 DATABASE MANAGEMENT SYSTEMS\Project\coordinator.h(431,1): warning C4244: '+=': conversion from 'double' to 'float', possible loss of data
C:\Users\azuog\Documents\EUL\5th semester\COMP337 DATABASE MANAGEMENT SYSTEMS\Project\coordinator.h(434,1): warning C4244: '+=': conversion from 'double' to 'float', possible loss of data
C:\Users\azuog\Documents\EUL\5th semester\COMP337 DATABASE MANAGEMENT SYSTEMS\Project\coordinator.h(437,1): warning C4244: '+=': conversion from 'double' to 'float', possible loss of data
C:\Users\azuog\Documents\EUL\5th semester\COMP337 DATABASE MANAGEMENT SYSTEMS\Project\coordinator.h(440,1): warning C4244: '+=': conversion from 'double' to 'float', possible loss of data
C:\Users\azuog\Documents\EUL\5th semester\COMP337 DATABASE MANAGEMENT SYSTEMS\Project\coordinator.h(443,1): warning C4244: '+=': conversion from 'double' to 'float', possible loss of data
C:\Users\azuog\Documents\EUL\5th semester\COMP337 DATABASE MANAGEMENT SYSTEMS\Project\coordinator.h(446,1): warning C4244: '+=': conversion from 'double' to 'float', possible loss of data
C:\Users\azuog\Documents\EUL\5th semester\COMP337 DATABASE MANAGEMENT SYSTEMS\Project\coordinator.h(449,1): warning C4244: '+=': conversion from 'double' to 'float', possible loss of data
C:\Users\azuog\Documents\EUL\5th semester\COMP337 DATABASE MANAGEMENT SYSTEMS\Project\coordinator.h(452,1): warning C4244: '+=': conversion from 'double' to 'float', possible loss of data
C:\Users\azuog\Documents\EUL\5th semester\COMP337 DATABASE MANAGEMENT SYSTEMS\Project\coordinator.h(470,19): warning C4244: 'initializing': conversion from 'uint64_t' to 'int', possible loss of data
C:\Users\azuog\Documents\EUL\5th semester\COMP337 DATABASE MANAGEMENT SYSTEMS\Project\coordinator.h(474,21): warning C4244: '=': conversion from 'double' to 'float', possible loss of data
C:\Users\azuog\Documents\EUL\5th semester\COMP337 DATABASE MANAGEMENT SYSTEMS\Project\coordinator.h(499,19): warning C4244: 'initializing': conversion from 'uint64_t' to 'int', possible loss of data
C:\Users\azuog\Documents\EUL\5th semester\COMP337 DATABASE MANAGEMENT SYSTEMS\Project\coordinator.h(503,21): warning C4244: '=': conversion from 'double' to 'float', possible loss of data
C:\Users\azuog\Documents\EUL\5th semester\COMP337 DATABASE MANAGEMENT SYSTEMS\Project\Course1.h(89,16): warning C4244: 'initializing': conversion from 'uint64_t' to 'int', possible loss of data
C:\Users\azuog\Documents\EUL\5th semester\COMP337 DATABASE MANAGEMENT SYSTEMS\Project\Course1.h(51,7): warning C4996: 'strcat': This function or variable may be unsafe. Consider using strcat_s instead. To disable deprecation, use _CRT_SECURE_NO_WARNINGS. See online help for details.
C:\Users\azuog\Documents\EUL\5th semester\COMP337 DATABASE MANAGEMENT SYSTEMS\Project\Course1.h(52,7): warning C4996: 'strcat': This function or variable may be unsafe. Consider using strcat_s instead. To disable deprecation, use _CRT_SECURE_NO_WARNINGS. See online help for details.
C:\Users\azuog\Documents\EUL\5th semester\COMP337 DATABASE MANAGEMENT SYSTEMS\Project\Course1.h(53,7): warning C4996: 'strcat': This function or variable may be unsafe. Consider using strcat_s instead. To disable deprecation, use _CRT_SECURE_NO_WARNINGS. See online help for details.
C:\Users\azuog\Documents\EUL\5th semester\COMP337 DATABASE MANAGEMENT SYSTEMS\Project\Course1.h(73,7): warning C4996: 'strcat': This function or variable may be unsafe. Consider using strcat_s instead. To disable deprecation, use _CRT_SECURE_NO_WARNINGS. See online help for details.
C:\Users\azuog\Documents\EUL\5th semester\COMP337 DATABASE MANAGEMENT SYSTEMS\Project\Course1.h(74,7): warning C4996: 'strcat': This function or variable may be unsafe. Consider using strcat_s instead. To disable deprecation, use _CRT_SECURE_NO_WARNINGS. See online help for details.
C:\Users\azuog\Documents\EUL\5th semester\COMP337 DATABASE MANAGEMENT SYSTEMS\Project\Course1.h(75,7): warning C4996: 'strcat': This function or variable may be unsafe. Consider using strcat_s instead. To disable deprecation, use _CRT_SECURE_NO_WARNINGS. See online help for details.
C:\Users\azuog\Documents\EUL\5th semester\COMP337 DATABASE MANAGEMENT SYSTEMS\Project\Course1.h(76,7): warning C4996: 'strcat': This function or variable may be unsafe. Consider using strcat_s instead. To disable deprecation, use _CRT_SECURE_NO_WARNINGS. See online help for details.
C:\Users\azuog\Documents\EUL\5th semester\COMP337 DATABASE MANAGEMENT SYSTEMS\Project\Course1.h(77,7): warning C4996: 'strcat': This function or variable may be unsafe. Consider using strcat_s instead. To disable deprecation, use _CRT_SECURE_NO_WARNINGS. See online help for details.
C:\Users\azuog\Documents\EUL\5th semester\COMP337 DATABASE MANAGEMENT SYSTEMS\Project\Course1.h(80,7): warning C4996: 'strcpy': This function or variable may be unsafe. Consider using strcpy_s instead. To disable deprecation, use _CRT_SECURE_NO_WARNINGS. See online help for details.
C:\Users\azuog\Documents\EUL\5th semester\COMP337 DATABASE MANAGEMENT SYSTEMS\Project\updateDetails.h(29,4): warning C4996: 'strcpy': This function or variable may be unsafe. Consider using strcpy_s instead. To disable deprecation, use _CRT_SECURE_NO_WARNINGS. See online help for details.
C:\Users\azuog\Documents\EUL\5th semester\COMP337 DATABASE MANAGEMENT SYSTEMS\Project\time.h(58,7): warning C4996: 'strcat': This function or variable may be unsafe. Consider using strcat_s instead. To disable deprecation, use _CRT_SECURE_NO_WARNINGS. See online help for details.
C:\Users\azuog\Documents\EUL\5th semester\COMP337 DATABASE MANAGEMENT SYSTEMS\Project\time.h(59,7): warning C4996: 'strcat': This function or variable may be unsafe. Consider using strcat_s instead. To disable deprecation, use _CRT_SECURE_NO_WARNINGS. See online help for details.
C:\Users\azuog\Documents\EUL\5th semester\COMP337 DATABASE MANAGEMENT SYSTEMS\Project\time.h(60,7): warning C4996: 'strcat': This function or variable may be unsafe. Consider using strcat_s instead. To disable deprecation, use _CRT_SECURE_NO_WARNINGS. See online help for details.
C:\Users\azuog\Documents\EUL\5th semester\COMP337 DATABASE MANAGEMENT SYSTEMS\Project\time.h(61,7): warning C4996: 'strcat': This function or variable may be unsafe. Consider using strcat_s instead. To disable deprecation, use _CRT_SECURE_NO_WARNINGS. See online help for details.
C:\Users\azuog\Documents\EUL\5th semester\COMP337 DATABASE MANAGEMENT SYSTEMS\Project\time.h(62,7): warning C4996: 'strcat': This function or variable may be unsafe. Consider using strcat_s instead. To disable deprecation, use _CRT_SECURE_NO_WARNINGS. See online help for details.
C:\Users\azuog\Documents\EUL\5th semester\COMP337 DATABASE MANAGEMENT SYSTEMS\Project\time.h(63,7): warning C4996: 'strcat': This function or variable may be unsafe. Consider using strcat_s instead. To disable deprecation, use _CRT_SECURE_NO_WARNINGS. See online help for details.
C:\Users\azuog\Documents\EUL\5th semester\COMP337 DATABASE MANAGEMENT SYSTEMS\Project\time.h(64,7): warning C4996: 'strcat': This function or variable may be unsafe. Consider using strcat_s instead. To disable deprecation, use _CRT_SECURE_NO_WARNINGS. See online help for details.
C:\Users\azuog\Documents\EUL\5th semester\COMP337 DATABASE MANAGEMENT SYSTEMS\Project\time.h(65,7): warning C4996: 'strcat': This function or variable may be unsafe. Consider using strcat_s instead. To disable deprecation, use _CRT_SECURE_NO_WARNINGS. See online help for details.
C:\Users\azuog\Documents\EUL\5th semester\COMP337 DATABASE MANAGEMENT SYSTEMS\Project\time.h(66,7): warning C4996: 'strcat': This function or variable may be unsafe. Consider using strcat_s instead. To disable deprecation, use _CRT_SECURE_NO_WARNINGS. See online help for details.
C:\Users\azuog\Documents\EUL\5th semester\COMP337 DATABASE MANAGEMENT SYSTEMS\Project\time.h(67,7): warning C4996: 'strcat': This function or variable may be unsafe. Consider using strcat_s instead. To disable deprecation, use _CRT_SECURE_NO_WARNINGS. See online help for details.
C:\Users\azuog\Documents\EUL\5th semester\COMP337 DATABASE MANAGEMENT SYSTEMS\Project\studentPage.h(70,28): warning C4244: '=': conversion from 'uint64_t' to 'int', possible loss of data
C:\Users\azuog\Documents\EUL\5th semester\COMP337 DATABASE MANAGEMENT SYSTEMS\Project\studentPage.h(50,4): warning C4996: 'strcpy': This function or variable may be unsafe. Consider using strcpy_s instead. To disable deprecation, use _CRT_SECURE_NO_WARNINGS. See online help for details.
C:\Users\azuog\Documents\EUL\5th semester\COMP337 DATABASE MANAGEMENT SYSTEMS\Project\studentPage.h(143,7): warning C4996: 'strcat': This function or variable may be unsafe. Consider using strcat_s instead. To disable deprecation, use _CRT_SECURE_NO_WARNINGS. See online help for details.
C:\Users\azuog\Documents\EUL\5th semester\COMP337 DATABASE MANAGEMENT SYSTEMS\Project\studentPage.h(144,7): warning C4996: 'strcat': This function or variable may be unsafe. Consider using strcat_s instead. To disable deprecation, use _CRT_SECURE_NO_WARNINGS. See online help for details.
C:\Users\azuog\Documents\EUL\5th semester\COMP337 DATABASE MANAGEMENT SYSTEMS\Project\studentPage.h(145,7): warning C4996: 'strcat': This function or variable may be unsafe. Consider using strcat_s instead. To disable deprecation, use _CRT_SECURE_NO_WARNINGS. See online help for details.
C:\Users\azuog\Documents\EUL\5th semester\COMP337 DATABASE MANAGEMENT SYSTEMS\Project\entry.cpp(12,1): warning C4829: Possibly incorrect parameters to function main. Consider 'int main(Platform::Array<Platform::String^>^ argv)'
C:\Users\azuog\Documents\EUL\5th semester\COMP337 DATABASE MANAGEMENT SYSTEMS\Project\entry.cpp(15,34): warning C4996: 'localtime': This function or variable may be unsafe. Consider using localtime_s instead. To disable deprecation, use _CRT_SECURE_NO_WARNINGS. See online help for details.
  entry.obj : MSIL module encountered; incremental linking is disabled for MSIL; performing full link
  Project.vcxproj -> C:\Users\azuog\Documents\EUL\5th semester\COMP337 DATABASE MANAGEMENT SYSTEMS\Project\x64\Debug\Project.exe
